<?xml version="1.0" encoding="UTF-8"?>
<testsuite name="UserTests" tests="1" skipped="0" failures="0" errors="0" timestamp="2018-10-28T15:21:40" hostname="SRomankovNB" time="0.125">
  <properties/>
  <testcase name="UserCanRegister" classname="UserTests" time="0.125"/>
  <system-out><![CDATA[My test!
My test!
]]></system-out>
  <system-err><![CDATA[]]></system-err>
</testsuite>
